OUT: Writing SpinlockSameAsRule.zing ...
OUT: Compiling SpinlockSameAsRule.zing to SpinlockSameAsRule.dll ...
OUT: Writing linker.c ...
OUT: Writing linker.h ...
EXIT: 0
=================================
         Console output          
=================================
OUT: ##################
OUT: Check Failed
OUT: ##################
OUT: 611 distinct states explored
OUT: 
EXIT: 3

=================================
SpinlockSameAsRule.trace
=================================
Safety Error Trace
Trace-Log 0:
<CreateLog> Created spec Spinlock
<StateLog> Machine Spinlock-0 entering State Init
<CreateLog> Created Machine Main-0
<StateLog> Machine Main-0 entering State Init
<AnnounceLog> Enqueued Event < ____REL, 1 > to Spinlock spec machine

Error:
P Assertion failed:
Expression: assert(tmpVar_1.bl,)
Comment: SpinlockSameAsRule.p(47,4,47,10): error PC1001: Assert failed
Safety Error Trace
Trace-Log 1:
<CreateLog> Created spec Spinlock
<StateLog> Machine Spinlock-0 entering State Init
<CreateLog> Created Machine Main-0
<StateLog> Machine Main-0 entering State Init
<AnnounceLog> Enqueued Event < ____REL, 0 > to Spinlock spec machine

Error:
P Assertion failed:
Expression: assert(tmpVar_1.bl,)
Comment: SpinlockSameAsRule.p(47,4,47,10): error PC1001: Assert failed
Safety Error Trace
Trace-Log 2:
<CreateLog> Created spec Spinlock
<StateLog> Machine Spinlock-0 entering State Init
<CreateLog> Created Machine Main-0
<StateLog> Machine Main-0 entering State Init
<AnnounceLog> Enqueued Event < ____ACQ, 1 > to Spinlock spec machine
<AnnounceLog> Enqueued Event < ____ACQ, 1 > to Spinlock spec machine
<RaiseLog> Machine Spinlock-0 raised Event ____Error1
<StateLog> Machine Spinlock-0 exiting State Init
<StateLog> Machine Spinlock-0 entering State Abort1

Error:
P Assertion failed:
Expression: assert(tmp_10.bl,)
Comment: SpinlockSameAsRule.p(78,4,78,10): error PC1001: Assert failed
Safety Error Trace
Trace-Log 3:
<CreateLog> Created spec Spinlock
<StateLog> Machine Spinlock-0 entering State Init
<CreateLog> Created Machine Main-0
<StateLog> Machine Main-0 entering State Init
<AnnounceLog> Enqueued Event < ____ACQ, 1 > to Spinlock spec machine
<AnnounceLog> Enqueued Event < ____REL, 0 > to Spinlock spec machine

Error:
P Assertion failed:
Expression: assert(tmpVar_1.bl,)
Comment: SpinlockSameAsRule.p(47,4,47,10): error PC1001: Assert failed
Safety Error Trace
Trace-Log 4:
<CreateLog> Created spec Spinlock
<StateLog> Machine Spinlock-0 entering State Init
<CreateLog> Created Machine Main-0
<StateLog> Machine Main-0 entering State Init
<AnnounceLog> Enqueued Event < ____ACQ, 0 > to Spinlock spec machine
<AnnounceLog> Enqueued Event < ____REL, 1 > to Spinlock spec machine

Error:
P Assertion failed:
Expression: assert(tmpVar_1.bl,)
Comment: SpinlockSameAsRule.p(47,4,47,10): error PC1001: Assert failed
Safety Error Trace
Trace-Log 5:
<CreateLog> Created spec Spinlock
<StateLog> Machine Spinlock-0 entering State Init
<CreateLog> Created Machine Main-0
<StateLog> Machine Main-0 entering State Init
<AnnounceLog> Enqueued Event < ____ACQ, 0 > to Spinlock spec machine
<AnnounceLog> Enqueued Event < ____ACQ, 0 > to Spinlock spec machine
<RaiseLog> Machine Spinlock-0 raised Event ____Error1
<StateLog> Machine Spinlock-0 exiting State Init
<StateLog> Machine Spinlock-0 entering State Abort1

Error:
P Assertion failed:
Expression: assert(tmp_10.bl,)
Comment: SpinlockSameAsRule.p(78,4,78,10): error PC1001: Assert failed
Safety Error Trace
Trace-Log 6:
<CreateLog> Created spec Spinlock
<StateLog> Machine Spinlock-0 entering State Init
<CreateLog> Created Machine Main-0
<StateLog> Machine Main-0 entering State Init
<AnnounceLog> Enqueued Event < ____ACQ, 1 > to Spinlock spec machine
<AnnounceLog> Enqueued Event < ____ACQ, 0 > to Spinlock spec machine
<AnnounceLog> Enqueued Event < ____ACQ, 1 > to Spinlock spec machine
<RaiseLog> Machine Spinlock-0 raised Event ____Error1
<StateLog> Machine Spinlock-0 exiting State Init
<StateLog> Machine Spinlock-0 entering State Abort1

Error:
P Assertion failed:
Expression: assert(tmp_10.bl,)
Comment: SpinlockSameAsRule.p(78,4,78,10): error PC1001: Assert failed
Safety Error Trace
Trace-Log 7:
<CreateLog> Created spec Spinlock
<StateLog> Machine Spinlock-0 entering State Init
<CreateLog> Created Machine Main-0
<StateLog> Machine Main-0 entering State Init
<AnnounceLog> Enqueued Event < ____ACQ, 0 > to Spinlock spec machine
<AnnounceLog> Enqueued Event < ____ACQ, 1 > to Spinlock spec machine
<AnnounceLog> Enqueued Event < ____ACQ, 1 > to Spinlock spec machine
<RaiseLog> Machine Spinlock-0 raised Event ____Error1
<StateLog> Machine Spinlock-0 exiting State Init
<StateLog> Machine Spinlock-0 entering State Abort1

Error:
P Assertion failed:
Expression: assert(tmp_10.bl,)
Comment: SpinlockSameAsRule.p(78,4,78,10): error PC1001: Assert failed
Safety Error Trace
Trace-Log 8:
<CreateLog> Created spec Spinlock
<StateLog> Machine Spinlock-0 entering State Init
<CreateLog> Created Machine Main-0
<StateLog> Machine Main-0 entering State Init
<AnnounceLog> Enqueued Event < ____ACQ, 1 > to Spinlock spec machine
<AnnounceLog> Enqueued Event < ____ACQ, 0 > to Spinlock spec machine
<AnnounceLog> Enqueued Event < ____ACQ, 0 > to Spinlock spec machine
<RaiseLog> Machine Spinlock-0 raised Event ____Error1
<StateLog> Machine Spinlock-0 exiting State Init
<StateLog> Machine Spinlock-0 entering State Abort1

Error:
P Assertion failed:
Expression: assert(tmp_10.bl,)
Comment: SpinlockSameAsRule.p(78,4,78,10): error PC1001: Assert failed
Safety Error Trace
Trace-Log 9:
<CreateLog> Created spec Spinlock
<StateLog> Machine Spinlock-0 entering State Init
<CreateLog> Created Machine Main-0
<StateLog> Machine Main-0 entering State Init
<AnnounceLog> Enqueued Event < ____ACQ, 0 > to Spinlock spec machine
<AnnounceLog> Enqueued Event < ____ACQ, 1 > to Spinlock spec machine
<AnnounceLog> Enqueued Event < ____ACQ, 0 > to Spinlock spec machine
<RaiseLog> Machine Spinlock-0 raised Event ____Error1
<StateLog> Machine Spinlock-0 exiting State Init
<StateLog> Machine Spinlock-0 entering State Abort1

Error:
P Assertion failed:
Expression: assert(tmp_10.bl,)
Comment: SpinlockSameAsRule.p(78,4,78,10): error PC1001: Assert failed
